2025-12-16 11:33:09,150 - WARNING - Column mismatch in table 0 (row 1): 3 headers, 4 effective cells. URL: https://www.desy.de/aktuelles/veranstaltungen/index_ger.html
2025-12-16 11:33:42,047 - WARNING - Column mismatch in table 0 (row 1): 3 headers, 4 effective cells. URL: https://www.desy.de/aktuelles/veranstaltungen/index_ger.html
2025-12-16 11:49:38,261 - WARNING - Column mismatch in table 0 (row 1): 3 headers, 4 effective cells. URL: https://www.desy.de/aktuelles/veranstaltungen/index_ger.html
2025-12-16 11:49:39,610 - WARNING - Column mismatch in table 0 (row 1): 3 headers, 4 effective cells. URL: https://www.desy.de/aktuelles/veranstaltungen/index_ger.html
2025-12-16 11:50:21,873 - WARNING - Column mismatch in table 27 (row 2): 1 headers, 3 effective cells. URL: https://astroparticle-physics.desy.de/about_us/group_members/theory/index_eng.html
2025-12-16 11:50:24,853 - WARNING - Column mismatch in table 27 (row 2): 1 headers, 3 effective cells. URL: https://astroparticle-physics.desy.de/about_us/group_members/theory/index_eng.html
2025-12-16 11:52:52,284 - WARNING - Column mismatch in table 0 (row 0): 1 headers, 3 effective cells. URL: https://astroparticle-physics.desy.de/research/neutrino_astronomy/publications/index_eng.html
2025-12-16 11:52:55,165 - WARNING - Column mismatch in table 0 (row 0): 4 headers, 2 effective cells. URL: https://www.desy.de/ueber_desy/leitende_wissenschaftler/christian_schwanenberger/index_ger.html
2025-12-16 11:52:56,563 - WARNING - Column mismatch in table 0 (row 0): 4 headers, 2 effective cells. URL: https://www.desy.de/ueber_desy/leitende_wissenschaftler/christian_schwanenberger/index_ger.html
2025-12-16 11:59:38,013 - WARNING - Column mismatch in table 0 (row 1): 3 headers, 4 effective cells. URL: https://www.desy.de/aktuelles/veranstaltungen/index_ger.html
2025-12-16 11:59:52,266 - WARNING - Column mismatch in table 0 (row 1): 3 headers, 4 effective cells. URL: https://www.desy.de/aktuelles/veranstaltungen/index_ger.html
2025-12-16 11:59:59,931 - WARNING - Column mismatch in table 0 (row 1): 3 headers, 4 effective cells. URL: https://www.desy.de/aktuelles/veranstaltungen/index_ger.html
2025-12-16 12:00:01,809 - WARNING - Column mismatch in table 0 (row 1): 3 headers, 4 effective cells. URL: https://www.desy.de/aktuelles/veranstaltungen/index_ger.html
2025-12-16 12:00:43,353 - WARNING - Column mismatch in table 27 (row 2): 1 headers, 3 effective cells. URL: https://astroparticle-physics.desy.de/about_us/group_members/theory/index_eng.html
2025-12-16 12:00:46,606 - WARNING - Column mismatch in table 27 (row 2): 1 headers, 3 effective cells. URL: https://astroparticle-physics.desy.de/about_us/group_members/theory/index_eng.html
2025-12-16 12:02:21,908 - WARNING - Column mismatch in table 0 (row 1): 3 headers, 4 effective cells. URL: https://www.desy.de/aktuelles/veranstaltungen/index_ger.html
2025-12-16 12:02:23,726 - WARNING - Column mismatch in table 0 (row 1): 3 headers, 4 effective cells. URL: https://www.desy.de/aktuelles/veranstaltungen/index_ger.html
2025-12-16 12:02:34,670 - WARNING - Column mismatch in table 27 (row 2): 1 headers, 3 effective cells. URL: https://astroparticle-physics.desy.de/about_us/group_members/theory/index_eng.html
2025-12-16 12:02:37,785 - WARNING - Column mismatch in table 27 (row 2): 1 headers, 3 effective cells. URL: https://astroparticle-physics.desy.de/about_us/group_members/theory/index_eng.html
2025-12-16 12:03:06,437 - WARNING - Column mismatch in table 27 (row 2): 1 headers, 3 effective cells. URL: https://astroparticle-physics.desy.de/about_us/group_members/theory/index_eng.html
2025-12-16 12:03:09,505 - WARNING - Column mismatch in table 27 (row 2): 1 headers, 3 effective cells. URL: https://astroparticle-physics.desy.de/about_us/group_members/theory/index_eng.html
2025-12-16 12:05:37,805 - WARNING - Column mismatch in table 0 (row 0): 1 headers, 3 effective cells. URL: https://astroparticle-physics.desy.de/research/neutrino_astronomy/publications/index_eng.html
2025-12-16 12:05:40,710 - WARNING - Column mismatch in table 0 (row 0): 4 headers, 2 effective cells. URL: https://www.desy.de/ueber_desy/leitende_wissenschaftler/christian_schwanenberger/index_ger.html
2025-12-16 12:05:42,112 - WARNING - Column mismatch in table 0 (row 0): 4 headers, 2 effective cells. URL: https://www.desy.de/ueber_desy/leitende_wissenschaftler/christian_schwanenberger/index_ger.html
2025-12-16 12:09:02,768 - WARNING - Column mismatch in table 0 (row 1): 3 headers, 4 effective cells. URL: https://www.desy.de/aktuelles/veranstaltungen/index_ger.html
2025-12-16 12:09:04,118 - WARNING - Column mismatch in table 0 (row 1): 3 headers, 4 effective cells. URL: https://www.desy.de/aktuelles/veranstaltungen/index_ger.html
2025-12-16 12:09:45,879 - WARNING - Column mismatch in table 27 (row 2): 1 headers, 3 effective cells. URL: https://astroparticle-physics.desy.de/about_us/group_members/theory/index_eng.html
2025-12-16 12:09:48,978 - WARNING - Column mismatch in table 27 (row 2): 1 headers, 3 effective cells. URL: https://astroparticle-physics.desy.de/about_us/group_members/theory/index_eng.html
2025-12-16 12:12:15,840 - WARNING - Column mismatch in table 0 (row 0): 1 headers, 3 effective cells. URL: https://astroparticle-physics.desy.de/research/neutrino_astronomy/publications/index_eng.html
2025-12-16 12:12:18,768 - WARNING - Column mismatch in table 0 (row 0): 4 headers, 2 effective cells. URL: https://www.desy.de/ueber_desy/leitende_wissenschaftler/christian_schwanenberger/index_ger.html
2025-12-16 12:12:20,173 - WARNING - Column mismatch in table 0 (row 0): 4 headers, 2 effective cells. URL: https://www.desy.de/ueber_desy/leitende_wissenschaftler/christian_schwanenberger/index_ger.html
2025-12-16 12:22:44,991 - WARNING - Column mismatch in table 0 (row 1): 3 headers, 4 effective cells. URL: https://www.desy.de/aktuelles/veranstaltungen/index_ger.html
2025-12-16 12:22:46,342 - WARNING - Column mismatch in table 0 (row 1): 3 headers, 4 effective cells. URL: https://www.desy.de/aktuelles/veranstaltungen/index_ger.html
2025-12-16 12:23:29,836 - WARNING - Column mismatch in table 27 (row 2): 1 headers, 3 effective cells. URL: https://astroparticle-physics.desy.de/about_us/group_members/theory/index_eng.html
2025-12-16 12:23:32,902 - WARNING - Column mismatch in table 27 (row 2): 1 headers, 3 effective cells. URL: https://astroparticle-physics.desy.de/about_us/group_members/theory/index_eng.html
2025-12-16 12:25:59,487 - WARNING - Column mismatch in table 0 (row 0): 1 headers, 3 effective cells. URL: https://astroparticle-physics.desy.de/research/neutrino_astronomy/publications/index_eng.html
2025-12-16 12:26:02,407 - WARNING - Column mismatch in table 0 (row 0): 4 headers, 2 effective cells. URL: https://www.desy.de/ueber_desy/leitende_wissenschaftler/christian_schwanenberger/index_ger.html
2025-12-16 12:26:03,811 - WARNING - Column mismatch in table 0 (row 0): 4 headers, 2 effective cells. URL: https://www.desy.de/ueber_desy/leitende_wissenschaftler/christian_schwanenberger/index_ger.html
2025-12-16 14:38:42,080 - WARNING - Column mismatch in table 0 (row 1): 3 headers, 4 effective cells. URL: https://www.desy.de/aktuelles/veranstaltungen/index_ger.html
2025-12-16 14:38:45,704 - WARNING - Column mismatch in table 0 (row 1): 3 headers, 4 effective cells. URL: https://www.desy.de/aktuelles/veranstaltungen/index_ger.html
2025-12-16 14:39:30,575 - WARNING - Column mismatch in table 27 (row 2): 1 headers, 3 effective cells. URL: https://astroparticle-physics.desy.de/about_us/group_members/theory/index_eng.html
2025-12-16 14:39:33,999 - WARNING - Column mismatch in table 27 (row 2): 1 headers, 3 effective cells. URL: https://astroparticle-physics.desy.de/about_us/group_members/theory/index_eng.html
2025-12-16 14:41:59,567 - WARNING - Column mismatch in table 0 (row 0): 1 headers, 3 effective cells. URL: https://astroparticle-physics.desy.de/research/neutrino_astronomy/publications/index_eng.html
2025-12-16 14:42:02,517 - WARNING - Column mismatch in table 0 (row 0): 4 headers, 2 effective cells. URL: https://www.desy.de/ueber_desy/leitende_wissenschaftler/christian_schwanenberger/index_ger.html
2025-12-16 14:42:04,255 - WARNING - Column mismatch in table 0 (row 0): 4 headers, 2 effective cells. URL: https://www.desy.de/ueber_desy/leitende_wissenschaftler/christian_schwanenberger/index_ger.html
2025-12-16 15:52:18,015 - WARNING - Column mismatch in table 0 (row 1): 3 headers, 4 effective cells. URL: https://www.desy.de/aktuelles/veranstaltungen/index_ger.html
2025-12-16 15:52:18,867 - WARNING - Column mismatch in table 0 (row 1): 3 headers, 4 effective cells. URL: https://www.desy.de/aktuelles/veranstaltungen/index_ger.html
2025-12-16 15:52:59,286 - WARNING - Column mismatch in table 27 (row 2): 1 headers, 3 effective cells. URL: https://astroparticle-physics.desy.de/about_us/group_members/theory/index_eng.html
2025-12-16 15:53:00,355 - WARNING - Column mismatch in table 27 (row 2): 1 headers, 3 effective cells. URL: https://astroparticle-physics.desy.de/about_us/group_members/theory/index_eng.html
2025-12-16 15:55:23,872 - WARNING - Column mismatch in table 0 (row 0): 1 headers, 3 effective cells. URL: https://astroparticle-physics.desy.de/research/neutrino_astronomy/publications/index_eng.html
2025-12-16 15:55:25,643 - WARNING - Column mismatch in table 0 (row 0): 4 headers, 2 effective cells. URL: https://www.desy.de/ueber_desy/leitende_wissenschaftler/christian_schwanenberger/index_ger.html
2025-12-16 15:55:26,508 - WARNING - Column mismatch in table 0 (row 0): 4 headers, 2 effective cells. URL: https://www.desy.de/ueber_desy/leitende_wissenschaftler/christian_schwanenberger/index_ger.html
2025-12-16 15:57:57,848 - WARNING - Column mismatch in table 0 (row 1): 3 headers, 4 effective cells. URL: https://www.desy.de/aktuelles/veranstaltungen/index_ger.html
2025-12-16 15:57:58,672 - WARNING - Column mismatch in table 0 (row 1): 3 headers, 4 effective cells. URL: https://www.desy.de/aktuelles/veranstaltungen/index_ger.html
2025-12-16 15:57:58,675 - WARNING - Column mismatch in table 0 (row 1): 3 headers, 4 effective cells. URL: https://www.desy.de/aktuelles/veranstaltungen/index_ger.html
2025-12-16 15:59:05,381 - WARNING - Column mismatch in table 27 (row 2): 1 headers, 3 effective cells. URL: https://astroparticle-physics.desy.de/about_us/group_members/theory/index_eng.html
2025-12-16 15:59:06,458 - WARNING - Column mismatch in table 27 (row 2): 1 headers, 3 effective cells. URL: https://astroparticle-physics.desy.de/about_us/group_members/theory/index_eng.html
2025-12-16 15:59:06,483 - WARNING - Column mismatch in table 27 (row 2): 1 headers, 3 effective cells. URL: https://astroparticle-physics.desy.de/about_us/group_members/theory/index_eng.html
2025-12-16 16:01:34,945 - WARNING - Column mismatch in table 0 (row 0): 1 headers, 3 effective cells. URL: https://astroparticle-physics.desy.de/research/neutrino_astronomy/publications/index_eng.html
2025-12-16 16:01:36,718 - WARNING - Column mismatch in table 0 (row 0): 4 headers, 2 effective cells. URL: https://www.desy.de/ueber_desy/leitende_wissenschaftler/christian_schwanenberger/index_ger.html
2025-12-16 16:01:37,582 - WARNING - Column mismatch in table 0 (row 0): 4 headers, 2 effective cells. URL: https://www.desy.de/ueber_desy/leitende_wissenschaftler/christian_schwanenberger/index_ger.html
2025-12-16 16:01:37,590 - WARNING - Column mismatch in table 0 (row 0): 4 headers, 2 effective cells. URL: https://www.desy.de/ueber_desy/leitende_wissenschaftler/christian_schwanenberger/index_ger.html
2025-12-16 16:18:38,546 - WARNING - Column mismatch in table 0 (row 1): 3 headers, 4 effective cells. URL: https://www.desy.de/aktuelles/veranstaltungen/index_ger.html
2025-12-16 16:18:39,384 - WARNING - Column mismatch in table 0 (row 1): 3 headers, 4 effective cells. URL: https://www.desy.de/aktuelles/veranstaltungen/index_ger.html
2025-12-16 16:18:39,388 - WARNING - Column mismatch in table 0 (row 1): 3 headers, 4 effective cells. URL: https://www.desy.de/aktuelles/veranstaltungen/index_ger.html
2025-12-16 16:19:46,374 - WARNING - Column mismatch in table 27 (row 2): 1 headers, 3 effective cells. URL: https://astroparticle-physics.desy.de/about_us/group_members/theory/index_eng.html
2025-12-16 16:19:47,439 - WARNING - Column mismatch in table 27 (row 2): 1 headers, 3 effective cells. URL: https://astroparticle-physics.desy.de/about_us/group_members/theory/index_eng.html
2025-12-16 16:19:47,464 - WARNING - Column mismatch in table 27 (row 2): 1 headers, 3 effective cells. URL: https://astroparticle-physics.desy.de/about_us/group_members/theory/index_eng.html
2025-12-16 16:22:15,163 - WARNING - Column mismatch in table 0 (row 0): 1 headers, 3 effective cells. URL: https://astroparticle-physics.desy.de/research/neutrino_astronomy/publications/index_eng.html
2025-12-16 16:22:18,578 - WARNING - Column mismatch in table 0 (row 0): 4 headers, 2 effective cells. URL: https://www.desy.de/ueber_desy/leitende_wissenschaftler/christian_schwanenberger/index_ger.html
2025-12-16 16:22:19,442 - WARNING - Column mismatch in table 0 (row 0): 4 headers, 2 effective cells. URL: https://www.desy.de/ueber_desy/leitende_wissenschaftler/christian_schwanenberger/index_ger.html
2025-12-16 16:22:19,450 - WARNING - Column mismatch in table 0 (row 0): 4 headers, 2 effective cells. URL: https://www.desy.de/ueber_desy/leitende_wissenschaftler/christian_schwanenberger/index_ger.html
2025-12-16 16:25:21,934 - WARNING - Column mismatch in table 0 (row 1): 3 headers, 4 effective cells. URL: https://www.desy.de/aktuelles/veranstaltungen/index_ger.html
2025-12-16 16:25:22,760 - WARNING - Column mismatch in table 0 (row 1): 3 headers, 4 effective cells. URL: https://www.desy.de/aktuelles/veranstaltungen/index_ger.html
2025-12-16 16:25:22,764 - WARNING - Column mismatch in table 0 (row 1): 3 headers, 4 effective cells. URL: https://www.desy.de/aktuelles/veranstaltungen/index_ger.html
2025-12-16 16:26:29,560 - WARNING - Column mismatch in table 27 (row 2): 1 headers, 3 effective cells. URL: https://astroparticle-physics.desy.de/about_us/group_members/theory/index_eng.html
2025-12-16 16:26:30,642 - WARNING - Column mismatch in table 27 (row 2): 1 headers, 3 effective cells. URL: https://astroparticle-physics.desy.de/about_us/group_members/theory/index_eng.html
2025-12-16 16:26:30,686 - WARNING - Column mismatch in table 27 (row 2): 1 headers, 3 effective cells. URL: https://astroparticle-physics.desy.de/about_us/group_members/theory/index_eng.html
2025-12-16 16:28:58,587 - WARNING - Column mismatch in table 0 (row 0): 1 headers, 3 effective cells. URL: https://astroparticle-physics.desy.de/research/neutrino_astronomy/publications/index_eng.html
2025-12-16 16:29:00,380 - WARNING - Column mismatch in table 0 (row 0): 4 headers, 2 effective cells. URL: https://www.desy.de/ueber_desy/leitende_wissenschaftler/christian_schwanenberger/index_ger.html
2025-12-16 16:29:01,247 - WARNING - Column mismatch in table 0 (row 0): 4 headers, 2 effective cells. URL: https://www.desy.de/ueber_desy/leitende_wissenschaftler/christian_schwanenberger/index_ger.html
2025-12-16 16:29:01,255 - WARNING - Column mismatch in table 0 (row 0): 4 headers, 2 effective cells. URL: https://www.desy.de/ueber_desy/leitende_wissenschaftler/christian_schwanenberger/index_ger.html
2025-12-16 16:29:14,097 - WARNING - Column mismatch in table 0 (row 0): 1 headers, 2 effective cells. URL: https://photon-science.desy.de/facilities/petra_iii/machine/parameters/index_eng.html
2025-12-16 16:29:14,100 - WARNING - Column mismatch in table 1 (row 2): 1 headers, 2 effective cells. URL: https://photon-science.desy.de/facilities/petra_iii/machine/parameters/index_eng.html
2025-12-16 16:29:14,103 - WARNING - Column mismatch in table 2 (row 1): 1 headers, 2 effective cells. URL: https://photon-science.desy.de/facilities/petra_iii/machine/parameters/index_eng.html
2025-12-16 16:29:14,104 - WARNING - Column mismatch in table 3 (row 2): 1 headers, 2 effective cells. URL: https://photon-science.desy.de/facilities/petra_iii/machine/parameters/index_eng.html
2025-12-16 16:29:14,106 - WARNING - Column mismatch in table 4 (row 2): 1 headers, 2 effective cells. URL: https://photon-science.desy.de/facilities/petra_iii/machine/parameters/index_eng.html
2025-12-16 16:29:14,108 - WARNING - Column mismatch in table 5 (row 1): 1 headers, 2 effective cells. URL: https://photon-science.desy.de/facilities/petra_iii/machine/parameters/index_eng.html
2025-12-16 16:29:14,109 - WARNING - Column mismatch in table 6 (row 0): 1 headers, 2 effective cells. URL: https://photon-science.desy.de/facilities/petra_iii/machine/parameters/index_eng.html
2025-12-16 16:29:14,110 - WARNING - Column mismatch in table 7 (row 2): 1 headers, 2 effective cells. URL: https://photon-science.desy.de/facilities/petra_iii/machine/parameters/index_eng.html
2025-12-16 16:29:14,111 - WARNING - Column mismatch in table 8 (row 0): 1 headers, 2 effective cells. URL: https://photon-science.desy.de/facilities/petra_iii/machine/parameters/index_eng.html
2025-12-16 16:29:14,112 - WARNING - Column mismatch in table 9 (row 2): 1 headers, 2 effective cells. URL: https://photon-science.desy.de/facilities/petra_iii/machine/parameters/index_eng.html
2025-12-16 16:29:14,113 - WARNING - Column mismatch in table 10 (row 1): 1 headers, 2 effective cells. URL: https://photon-science.desy.de/facilities/petra_iii/machine/parameters/index_eng.html
2025-12-16 16:29:14,114 - WARNING - Column mismatch in table 11 (row 2): 1 headers, 2 effective cells. URL: https://photon-science.desy.de/facilities/petra_iii/machine/parameters/index_eng.html
2025-12-16 16:29:14,115 - WARNING - Column mismatch in table 12 (row 2): 1 headers, 2 effective cells. URL: https://photon-science.desy.de/facilities/petra_iii/machine/parameters/index_eng.html
2025-12-16 16:29:16,239 - WARNING - Column mismatch in table 0 (row 0): 1 headers, 2 effective cells. URL: https://photon-science.desy.de/facilities/petra_iii/machine/parameters/index_eng.html
2025-12-16 16:29:16,241 - WARNING - Column mismatch in table 1 (row 2): 1 headers, 2 effective cells. URL: https://photon-science.desy.de/facilities/petra_iii/machine/parameters/index_eng.html
2025-12-16 16:29:16,244 - WARNING - Column mismatch in table 2 (row 1): 1 headers, 2 effective cells. URL: https://photon-science.desy.de/facilities/petra_iii/machine/parameters/index_eng.html
2025-12-16 16:29:16,245 - WARNING - Column mismatch in table 3 (row 2): 1 headers, 2 effective cells. URL: https://photon-science.desy.de/facilities/petra_iii/machine/parameters/index_eng.html
2025-12-16 16:29:16,248 - WARNING - Column mismatch in table 4 (row 2): 1 headers, 2 effective cells. URL: https://photon-science.desy.de/facilities/petra_iii/machine/parameters/index_eng.html
2025-12-16 16:29:16,249 - WARNING - Column mismatch in table 5 (row 1): 1 headers, 2 effective cells. URL: https://photon-science.desy.de/facilities/petra_iii/machine/parameters/index_eng.html
2025-12-16 16:29:16,250 - WARNING - Column mismatch in table 6 (row 0): 1 headers, 2 effective cells. URL: https://photon-science.desy.de/facilities/petra_iii/machine/parameters/index_eng.html
2025-12-16 16:29:16,251 - WARNING - Column mismatch in table 7 (row 2): 1 headers, 2 effective cells. URL: https://photon-science.desy.de/facilities/petra_iii/machine/parameters/index_eng.html
2025-12-16 16:29:16,252 - WARNING - Column mismatch in table 8 (row 0): 1 headers, 2 effective cells. URL: https://photon-science.desy.de/facilities/petra_iii/machine/parameters/index_eng.html
2025-12-16 16:29:16,253 - WARNING - Column mismatch in table 9 (row 2): 1 headers, 2 effective cells. URL: https://photon-science.desy.de/facilities/petra_iii/machine/parameters/index_eng.html
2025-12-16 16:29:16,254 - WARNING - Column mismatch in table 10 (row 1): 1 headers, 2 effective cells. URL: https://photon-science.desy.de/facilities/petra_iii/machine/parameters/index_eng.html
2025-12-16 16:29:16,255 - WARNING - Column mismatch in table 11 (row 2): 1 headers, 2 effective cells. URL: https://photon-science.desy.de/facilities/petra_iii/machine/parameters/index_eng.html
2025-12-16 16:29:16,256 - WARNING - Column mismatch in table 12 (row 2): 1 headers, 2 effective cells. URL: https://photon-science.desy.de/facilities/petra_iii/machine/parameters/index_eng.html
2025-12-16 16:29:16,265 - WARNING - Column mismatch in table 0 (row 0): 1 headers, 2 effective cells. URL: https://photon-science.desy.de/facilities/petra_iii/machine/parameters/index_eng.html
2025-12-16 16:29:16,267 - WARNING - Column mismatch in table 1 (row 2): 1 headers, 2 effective cells. URL: https://photon-science.desy.de/facilities/petra_iii/machine/parameters/index_eng.html
2025-12-16 16:29:16,270 - WARNING - Column mismatch in table 2 (row 1): 1 headers, 2 effective cells. URL: https://photon-science.desy.de/facilities/petra_iii/machine/parameters/index_eng.html
2025-12-16 16:29:16,272 - WARNING - Column mismatch in table 3 (row 2): 1 headers, 2 effective cells. URL: https://photon-science.desy.de/facilities/petra_iii/machine/parameters/index_eng.html
2025-12-16 16:29:16,274 - WARNING - Column mismatch in table 4 (row 2): 1 headers, 2 effective cells. URL: https://photon-science.desy.de/facilities/petra_iii/machine/parameters/index_eng.html
2025-12-16 16:29:16,275 - WARNING - Column mismatch in table 5 (row 1): 1 headers, 2 effective cells. URL: https://photon-science.desy.de/facilities/petra_iii/machine/parameters/index_eng.html
2025-12-16 16:29:16,276 - WARNING - Column mismatch in table 6 (row 0): 1 headers, 2 effective cells. URL: https://photon-science.desy.de/facilities/petra_iii/machine/parameters/index_eng.html
2025-12-16 16:29:16,277 - WARNING - Column mismatch in table 7 (row 2): 1 headers, 2 effective cells. URL: https://photon-science.desy.de/facilities/petra_iii/machine/parameters/index_eng.html
2025-12-16 16:29:16,278 - WARNING - Column mismatch in table 8 (row 0): 1 headers, 2 effective cells. URL: https://photon-science.desy.de/facilities/petra_iii/machine/parameters/index_eng.html
2025-12-16 16:29:16,279 - WARNING - Column mismatch in table 9 (row 2): 1 headers, 2 effective cells. URL: https://photon-science.desy.de/facilities/petra_iii/machine/parameters/index_eng.html
2025-12-16 16:29:16,280 - WARNING - Column mismatch in table 10 (row 1): 1 headers, 2 effective cells. URL: https://photon-science.desy.de/facilities/petra_iii/machine/parameters/index_eng.html
2025-12-16 16:29:16,281 - WARNING - Column mismatch in table 11 (row 2): 1 headers, 2 effective cells. URL: https://photon-science.desy.de/facilities/petra_iii/machine/parameters/index_eng.html
2025-12-16 16:29:16,282 - WARNING - Column mismatch in table 12 (row 2): 1 headers, 2 effective cells. URL: https://photon-science.desy.de/facilities/petra_iii/machine/parameters/index_eng.html
2025-12-16 16:51:16,966 - WARNING - Column mismatch in table 0 (row 1): 3 headers, 4 effective cells. URL: https://www.desy.de/aktuelles/veranstaltungen/index_ger.html
2025-12-16 16:51:17,809 - WARNING - Column mismatch in table 0 (row 1): 3 headers, 4 effective cells. URL: https://www.desy.de/aktuelles/veranstaltungen/index_ger.html
2025-12-16 16:51:17,813 - WARNING - Column mismatch in table 0 (row 1): 3 headers, 4 effective cells. URL: https://www.desy.de/aktuelles/veranstaltungen/index_ger.html
